2017-02-13 21:26:47,927 1      [.JavaReconciler] ERROR nal.ExecutableExtensionFactory  - 
java.lang.NullPointerException
	at org.eclipse.xtext.ui.guice.AbstractGuiceAwareExecutableExtensionFactory.create(AbstractGuiceAwareExecutableExtensionFactory.java:52)
	at org.eclipse.core.internal.registry.ConfigurationElement.createExecutableExtension(ConfigurationElement.java:262)
	at org.eclipse.core.internal.registry.ConfigurationElementHandle.createExecutableExtension(ConfigurationElementHandle.java:55)
	at org.eclipse.jdt.internal.core.JavaModelManager$CompilationParticipants$1.run(JavaModelManager.java:414)
	at org.eclipse.core.runtime.SafeRunner.run(SafeRunner.java:42)
	at org.eclipse.jdt.internal.core.JavaModelManager$CompilationParticipants.getCompilationParticipants(JavaModelManager.java:409)
	at org.eclipse.jdt.internal.core.ReconcileWorkingCopyOperation.notifyParticipants(ReconcileWorkingCopyOperation.java:239)
	at org.eclipse.jdt.internal.core.ReconcileWorkingCopyOperation.executeOperation(ReconcileWorkingCopyOperation.java:95)
	at org.eclipse.jdt.internal.core.JavaModelOperation.run(JavaModelOperation.java:724)
	at org.eclipse.jdt.internal.core.JavaModelOperation.runOperation(JavaModelOperation.java:790)
	at org.eclipse.jdt.internal.core.CompilationUnit.reconcile(CompilationUnit.java:1250)
	at org.eclipse.jdt.internal.ui.text.java.JavaReconcilingStrategy.reconcile(JavaReconcilingStrategy.java:128)
	at org.eclipse.jdt.internal.ui.text.java.JavaReconcilingStrategy.access$0(JavaReconcilingStrategy.java:110)
	at org.eclipse.jdt.internal.ui.text.java.JavaReconcilingStrategy$1.run(JavaReconcilingStrategy.java:90)
	at org.eclipse.core.runtime.SafeRunner.run(SafeRunner.java:42)
	at org.eclipse.jdt.internal.ui.text.java.JavaReconcilingStrategy.reconcile(JavaReconcilingStrategy.java:87)
	at org.eclipse.jdt.internal.ui.text.java.JavaReconcilingStrategy.initialReconcile(JavaReconcilingStrategy.java:185)
	at org.eclipse.jdt.internal.ui.text.CompositeReconcilingStrategy.initialReconcile(CompositeReconcilingStrategy.java:119)
	at org.eclipse.jdt.internal.ui.text.JavaCompositeReconcilingStrategy.initialReconcile(JavaCompositeReconcilingStrategy.java:136)
	at org.eclipse.jface.text.reconciler.MonoReconciler.initialProcess(MonoReconciler.java:95)
	at org.eclipse.jdt.internal.ui.text.JavaReconciler.initialProcess(JavaReconciler.java:420)
	at org.eclipse.jface.text.reconciler.AbstractReconciler$BackgroundThread.run(AbstractReconciler.java:174)
